<?xml version="1.0" encoding="UTF-8"?>
<!-- Generated by org.testng.reporters.JUnitXMLReporter -->
<testsuite hostname="DESKTOP-TCEP82C" ignored="0" name="Test23" tests="6" failures="1" timestamp="22 Jul 2021 09:16:19 GMT" time="0.047" errors="0">
  <testcase name="tc1" time="0.015" classname="org.tesng.ReRun"/>
  <testcase name="tc2" time="0.0" classname="org.tesng.ReRun">
    <skipped/>
  </testcase> <!-- tc2 -->
  <testcase name="tc2" time="0.0" classname="org.tesng.ReRun">
    <skipped/>
  </testcase> <!-- tc2 -->
  <testcase name="tc2" time="0.016" classname="org.tesng.ReRun">
    <skipped/>
  </testcase> <!-- tc2 -->
  <testcase name="tc2" time="0.0" classname="org.tesng.ReRun">
    <failure type="java.lang.AssertionError" message="expected [true] but found [false]">
      <![CDATA[java.lang.AssertionError: expected [true] but found [false]
at org.tesng.ReRun.tc2(ReRun.java:17)
... Removed 29 stack frames]]>
    </failure>
  </testcase> <!-- tc2 -->
  <testcase name="tc3" time="0.0" classname="org.tesng.ReRun"/>
</testsuite> <!-- Test23 -->
